
Backup started: Mon May 28 22:19:34 EEST 2012
 completed: Mon May 28 22:19:36 EEST 2012

Backup started: Wed Jun  6 04:00:01 EEST 2012
 completed: Wed Jun  6 04:00:03 EEST 2012

Backup started: Fri Jul  6 04:00:01 EEST 2012
 completed: Fri Jul  6 04:00:03 EEST 2012

Backup started: Mon Aug  6 04:00:02 EEST 2012
 completed: Mon Aug  6 04:00:03 EEST 2012

Backup started: Thu Sep  6 04:00:02 EEST 2012
 completed: Thu Sep  6 04:00:04 EEST 2012

Backup started: Sat Oct  6 04:00:01 EEST 2012
 completed: Sat Oct  6 04:00:03 EEST 2012

Backup started: Tue Nov  6 04:00:01 EET 2012
 completed: Tue Nov  6 04:00:04 EET 2012

Backup started: Thu Dec  6 04:00:01 EET 2012
 completed: Thu Dec  6 04:00:04 EET 2012

Backup started: Sun Jan  6 04:00:02 EET 2013
 completed: Sun Jan  6 04:00:04 EET 2013

Backup started: Wed Feb  6 04:00:01 EET 2013
 completed: Wed Feb  6 04:00:04 EET 2013

Backup started: Wed Mar  6 04:00:01 EET 2013
 completed: Wed Mar  6 04:00:03 EET 2013

Backup started: Sat Apr  6 04:00:01 EEST 2013
 completed: Sat Apr  6 04:00:03 EEST 2013

Backup started: Mon May  6 04:00:02 EEST 2013
 completed: Mon May  6 04:00:04 EEST 2013

Backup started: Thu Jun  6 04:00:01 EEST 2013
 completed: Thu Jun  6 04:00:03 EEST 2013

Backup started: Sat Jul  6 04:00:02 EEST 2013
 completed: Sat Jul  6 04:00:04 EEST 2013
