
Backup started: Sat May 26 04:00:01 EEST 2012
 FAILED: Sat May 26 04:00:01 EEST 2012

Backup started: Sun May 27 04:00:01 EEST 2012
 FAILED: Sun May 27 04:00:01 EEST 2012

Backup started: Mon May 28 04:00:01 EEST 2012
 FAILED: Mon May 28 04:00:01 EEST 2012

Backup started: Mon May 28 22:36:57 EEST 2012
 completed: Mon May 28 22:36:58 EEST 2012

Backup started: Mon May 28 22:37:18 EEST 2012
 completed: Mon May 28 22:37:18 EEST 2012

Backup started: Mon May 28 22:39:44 EEST 2012
 completed: Mon May 28 22:39:45 EEST 2012

Backup started: Tue May 29 04:00:01 EEST 2012
 completed: Tue May 29 04:00:02 EEST 2012

Backup started: Wed May 30 04:00:01 EEST 2012
 completed: Wed May 30 04:00:03 EEST 2012

Backup started: Thu May 31 04:00:01 EEST 2012
 completed: Thu May 31 04:00:03 EEST 2012

Backup started: Fri Jun  1 04:00:01 EEST 2012
 completed: Fri Jun  1 04:00:03 EEST 2012

Backup started: Sat Jun  2 04:00:01 EEST 2012
 completed: Sat Jun  2 04:00:03 EEST 2012

Backup started: Sun Jun  3 04:00:01 EEST 2012
 completed: Sun Jun  3 04:00:02 EEST 2012

Backup started: Mon Jun  4 04:00:01 EEST 2012
 completed: Mon Jun  4 04:00:02 EEST 2012

Backup started: Tue Jun  5 04:00:01 EEST 2012
 completed: Tue Jun  5 04:00:02 EEST 2012

Backup started: Wed Jun  6 04:00:01 EEST 2012
 completed: Wed Jun  6 04:00:03 EEST 2012

Backup started: Thu Jun  7 04:00:01 EEST 2012
 completed: Thu Jun  7 04:00:03 EEST 2012

Backup started: Fri Jun  8 04:00:01 EEST 2012
 completed: Fri Jun  8 04:00:02 EEST 2012

Backup started: Sat Jun  9 04:00:01 EEST 2012
 completed: Sat Jun  9 04:00:02 EEST 2012

Backup started: Sun Jun 10 04:00:01 EEST 2012
 completed: Sun Jun 10 04:00:02 EEST 2012

Backup started: Mon Jun 11 04:00:01 EEST 2012
 completed: Mon Jun 11 04:00:03 EEST 2012

Backup started: Tue Jun 12 04:00:01 EEST 2012
 completed: Tue Jun 12 04:00:02 EEST 2012

Backup started: Wed Jun 13 04:00:01 EEST 2012
 completed: Wed Jun 13 04:00:02 EEST 2012

Backup started: Thu Jun 14 04:00:01 EEST 2012
 completed: Thu Jun 14 04:00:02 EEST 2012

Backup started: Fri Jun 15 04:00:01 EEST 2012
 completed: Fri Jun 15 04:00:03 EEST 2012

Backup started: Sat Jun 16 04:00:01 EEST 2012
 completed: Sat Jun 16 04:00:03 EEST 2012

Backup started: Sun Jun 17 04:00:01 EEST 2012
 completed: Sun Jun 17 04:00:02 EEST 2012

Backup started: Mon Jun 18 04:00:01 EEST 2012
 completed: Mon Jun 18 04:00:02 EEST 2012

Backup started: Tue Jun 19 04:00:01 EEST 2012
 completed: Tue Jun 19 04:00:02 EEST 2012

Backup started: Wed Jun 20 04:00:01 EEST 2012
 completed: Wed Jun 20 04:00:02 EEST 2012

Backup started: Thu Jun 21 04:00:01 EEST 2012
 completed: Thu Jun 21 04:00:03 EEST 2012

Backup started: Fri Jun 22 04:00:01 EEST 2012
 completed: Fri Jun 22 04:00:02 EEST 2012

Backup started: Sat Jun 23 04:00:01 EEST 2012
 completed: Sat Jun 23 04:00:02 EEST 2012

Backup started: Sun Jun 24 04:00:02 EEST 2012
 completed: Sun Jun 24 04:00:03 EEST 2012

Backup started: Mon Jun 25 04:00:02 EEST 2012
 completed: Mon Jun 25 04:00:03 EEST 2012

Backup started: Tue Jun 26 04:00:01 EEST 2012
 completed: Tue Jun 26 04:00:02 EEST 2012

Backup started: Wed Jun 27 04:00:01 EEST 2012
 completed: Wed Jun 27 04:00:02 EEST 2012

Backup started: Thu Jun 28 04:00:01 EEST 2012
 completed: Thu Jun 28 04:00:02 EEST 2012

Backup started: Fri Jun 29 04:00:01 EEST 2012
 completed: Fri Jun 29 04:00:02 EEST 2012

Backup started: Sat Jun 30 04:00:01 EEST 2012
 completed: Sat Jun 30 04:00:02 EEST 2012

Backup started: Sun Jul  1 04:00:01 EEST 2012
 completed: Sun Jul  1 04:00:02 EEST 2012

Backup started: Mon Jul  2 04:00:01 EEST 2012
 completed: Mon Jul  2 04:00:03 EEST 2012

Backup started: Tue Jul  3 04:00:02 EEST 2012
 completed: Tue Jul  3 04:00:03 EEST 2012

Backup started: Wed Jul  4 04:00:01 EEST 2012
 completed: Wed Jul  4 04:00:02 EEST 2012

Backup started: Thu Jul  5 04:00:01 EEST 2012
 completed: Thu Jul  5 04:00:02 EEST 2012

Backup started: Fri Jul  6 04:00:01 EEST 2012
 completed: Fri Jul  6 04:00:03 EEST 2012

Backup started: Sat Jul  7 04:00:01 EEST 2012
 completed: Sat Jul  7 04:00:02 EEST 2012

Backup started: Sun Jul  8 04:00:02 EEST 2012
 completed: Sun Jul  8 04:00:03 EEST 2012

Backup started: Mon Jul  9 04:00:01 EEST 2012
 completed: Mon Jul  9 04:00:04 EEST 2012

Backup started: Tue Jul 10 04:00:01 EEST 2012
 completed: Tue Jul 10 04:00:02 EEST 2012

Backup started: Wed Jul 11 04:00:01 EEST 2012
 completed: Wed Jul 11 04:00:02 EEST 2012

Backup started: Thu Jul 12 04:00:01 EEST 2012
 completed: Thu Jul 12 04:00:02 EEST 2012

Backup started: Fri Jul 13 04:00:01 EEST 2012
 completed: Fri Jul 13 04:00:03 EEST 2012

Backup started: Sat Jul 14 04:00:01 EEST 2012
 completed: Sat Jul 14 04:00:03 EEST 2012

Backup started: Sun Jul 15 04:00:01 EEST 2012
 completed: Sun Jul 15 04:00:03 EEST 2012

Backup started: Mon Jul 16 04:00:02 EEST 2012
 completed: Mon Jul 16 04:00:03 EEST 2012

Backup started: Tue Jul 17 04:00:01 EEST 2012
 completed: Tue Jul 17 04:00:03 EEST 2012

Backup started: Wed Jul 18 04:00:01 EEST 2012
 completed: Wed Jul 18 04:00:02 EEST 2012

Backup started: Thu Jul 19 04:00:01 EEST 2012
 completed: Thu Jul 19 04:00:02 EEST 2012

Backup started: Fri Jul 20 04:00:01 EEST 2012
 completed: Fri Jul 20 04:00:02 EEST 2012

Backup started: Sat Jul 21 04:00:01 EEST 2012
 completed: Sat Jul 21 04:00:03 EEST 2012

Backup started: Sun Jul 22 04:00:01 EEST 2012
 completed: Sun Jul 22 04:00:02 EEST 2012

Backup started: Mon Jul 23 04:00:01 EEST 2012
 completed: Mon Jul 23 04:00:02 EEST 2012

Backup started: Tue Jul 24 04:00:01 EEST 2012
 completed: Tue Jul 24 04:00:02 EEST 2012

Backup started: Wed Jul 25 04:00:01 EEST 2012
 completed: Wed Jul 25 04:00:02 EEST 2012

Backup started: Thu Jul 26 04:00:01 EEST 2012
 completed: Thu Jul 26 04:00:02 EEST 2012

Backup started: Fri Jul 27 04:00:01 EEST 2012
 completed: Fri Jul 27 04:00:02 EEST 2012

Backup started: Sat Jul 28 04:00:01 EEST 2012
 completed: Sat Jul 28 04:00:02 EEST 2012

Backup started: Sun Jul 29 04:00:01 EEST 2012
 completed: Sun Jul 29 04:00:02 EEST 2012

Backup started: Mon Jul 30 04:00:02 EEST 2012
 completed: Mon Jul 30 04:00:03 EEST 2012

Backup started: Tue Jul 31 04:00:01 EEST 2012
 completed: Tue Jul 31 04:00:04 EEST 2012

Backup started: Wed Aug  1 04:00:01 EEST 2012
 completed: Wed Aug  1 04:00:02 EEST 2012

Backup started: Thu Aug  2 04:00:01 EEST 2012
 completed: Thu Aug  2 04:00:02 EEST 2012

Backup started: Fri Aug  3 04:00:02 EEST 2012
 completed: Fri Aug  3 04:00:04 EEST 2012

Backup started: Sat Aug  4 04:00:01 EEST 2012
 completed: Sat Aug  4 04:00:02 EEST 2012

Backup started: Sun Aug  5 04:00:01 EEST 2012
 completed: Sun Aug  5 04:00:02 EEST 2012

Backup started: Mon Aug  6 04:00:02 EEST 2012
 completed: Mon Aug  6 04:00:03 EEST 2012

Backup started: Tue Aug  7 04:00:01 EEST 2012
 completed: Tue Aug  7 04:00:02 EEST 2012

Backup started: Wed Aug  8 04:00:01 EEST 2012
 completed: Wed Aug  8 04:00:02 EEST 2012

Backup started: Thu Aug  9 04:00:01 EEST 2012
 completed: Thu Aug  9 04:00:02 EEST 2012

Backup started: Fri Aug 10 04:00:01 EEST 2012
 completed: Fri Aug 10 04:00:04 EEST 2012

Backup started: Sat Aug 11 04:00:01 EEST 2012
 completed: Sat Aug 11 04:00:02 EEST 2012

Backup started: Sun Aug 12 04:00:01 EEST 2012
 completed: Sun Aug 12 04:00:03 EEST 2012

Backup started: Mon Aug 13 04:00:02 EEST 2012
 completed: Mon Aug 13 04:00:05 EEST 2012

Backup started: Tue Aug 14 04:00:01 EEST 2012
 completed: Tue Aug 14 04:00:02 EEST 2012

Backup started: Wed Aug 15 04:00:01 EEST 2012
 completed: Wed Aug 15 04:00:02 EEST 2012

Backup started: Thu Aug 16 04:00:01 EEST 2012
 completed: Thu Aug 16 04:00:02 EEST 2012

Backup started: Fri Aug 17 04:00:02 EEST 2012
 completed: Fri Aug 17 04:00:03 EEST 2012

Backup started: Sat Aug 18 04:00:01 EEST 2012
 completed: Sat Aug 18 04:00:02 EEST 2012

Backup started: Sun Aug 19 04:00:01 EEST 2012
 completed: Sun Aug 19 04:00:02 EEST 2012

Backup started: Mon Aug 20 04:00:01 EEST 2012
 completed: Mon Aug 20 04:00:03 EEST 2012

Backup started: Tue Aug 21 04:00:01 EEST 2012
 completed: Tue Aug 21 04:00:02 EEST 2012

Backup started: Wed Aug 22 04:00:01 EEST 2012
 completed: Wed Aug 22 04:00:03 EEST 2012

Backup started: Thu Aug 23 04:00:02 EEST 2012
 completed: Thu Aug 23 04:00:03 EEST 2012

Backup started: Fri Aug 24 04:00:01 EEST 2012
 completed: Fri Aug 24 04:00:02 EEST 2012

Backup started: Sat Aug 25 04:00:02 EEST 2012
 completed: Sat Aug 25 04:00:03 EEST 2012

Backup started: Sun Aug 26 04:00:01 EEST 2012
 completed: Sun Aug 26 04:00:02 EEST 2012

Backup started: Mon Aug 27 04:00:01 EEST 2012
 completed: Mon Aug 27 04:00:02 EEST 2012

Backup started: Tue Aug 28 04:00:01 EEST 2012
 completed: Tue Aug 28 04:00:03 EEST 2012

Backup started: Wed Aug 29 04:00:01 EEST 2012
 completed: Wed Aug 29 04:00:02 EEST 2012

Backup started: Thu Aug 30 04:00:01 EEST 2012
 completed: Thu Aug 30 04:00:02 EEST 2012

Backup started: Fri Aug 31 04:00:01 EEST 2012
 completed: Fri Aug 31 04:00:02 EEST 2012

Backup started: Sat Sep  1 04:00:02 EEST 2012
 completed: Sat Sep  1 04:00:04 EEST 2012

Backup started: Sun Sep  2 04:00:01 EEST 2012
 completed: Sun Sep  2 04:00:04 EEST 2012

Backup started: Mon Sep  3 04:00:01 EEST 2012
 completed: Mon Sep  3 04:00:02 EEST 2012

Backup started: Tue Sep  4 04:00:01 EEST 2012
 completed: Tue Sep  4 04:00:02 EEST 2012

Backup started: Wed Sep  5 04:00:01 EEST 2012
 completed: Wed Sep  5 04:00:02 EEST 2012

Backup started: Thu Sep  6 04:00:02 EEST 2012
 completed: Thu Sep  6 04:00:04 EEST 2012

Backup started: Fri Sep  7 04:00:01 EEST 2012
 completed: Fri Sep  7 04:00:02 EEST 2012

Backup started: Sat Sep  8 04:00:01 EEST 2012
 completed: Sat Sep  8 04:00:03 EEST 2012

Backup started: Sun Sep  9 04:00:02 EEST 2012
 completed: Sun Sep  9 04:00:04 EEST 2012

Backup started: Mon Sep 10 04:00:01 EEST 2012
 completed: Mon Sep 10 04:00:04 EEST 2012

Backup started: Tue Sep 11 04:00:01 EEST 2012
 completed: Tue Sep 11 04:00:02 EEST 2012

Backup started: Wed Sep 12 04:00:01 EEST 2012
 completed: Wed Sep 12 04:00:04 EEST 2012

Backup started: Thu Sep 13 04:00:01 EEST 2012
 completed: Thu Sep 13 04:00:03 EEST 2012

Backup started: Fri Sep 14 04:00:01 EEST 2012
 completed: Fri Sep 14 04:00:03 EEST 2012

Backup started: Sat Sep 15 04:00:01 EEST 2012
 completed: Sat Sep 15 04:00:02 EEST 2012

Backup started: Sun Sep 16 04:00:01 EEST 2012
 completed: Sun Sep 16 04:00:02 EEST 2012

Backup started: Mon Sep 17 04:00:01 EEST 2012
 completed: Mon Sep 17 04:00:02 EEST 2012

Backup started: Tue Sep 18 04:00:01 EEST 2012
 completed: Tue Sep 18 04:00:03 EEST 2012

Backup started: Wed Sep 19 04:00:01 EEST 2012
 completed: Wed Sep 19 04:00:02 EEST 2012

Backup started: Thu Sep 20 04:00:01 EEST 2012
 completed: Thu Sep 20 04:00:03 EEST 2012

Backup started: Fri Sep 21 04:00:01 EEST 2012
 completed: Fri Sep 21 04:00:02 EEST 2012

Backup started: Sat Sep 22 04:00:01 EEST 2012
 completed: Sat Sep 22 04:00:03 EEST 2012

Backup started: Sun Sep 23 04:00:01 EEST 2012
 completed: Sun Sep 23 04:00:03 EEST 2012

Backup started: Mon Sep 24 04:00:01 EEST 2012
 completed: Mon Sep 24 04:00:03 EEST 2012

Backup started: Tue Sep 25 04:00:01 EEST 2012
 completed: Tue Sep 25 04:00:02 EEST 2012

Backup started: Wed Sep 26 04:00:01 EEST 2012
 completed: Wed Sep 26 04:00:02 EEST 2012

Backup started: Thu Sep 27 04:00:01 EEST 2012
 completed: Thu Sep 27 04:00:03 EEST 2012

Backup started: Fri Sep 28 04:00:01 EEST 2012
 completed: Fri Sep 28 04:00:02 EEST 2012

Backup started: Sat Sep 29 04:00:01 EEST 2012
 completed: Sat Sep 29 04:00:03 EEST 2012

Backup started: Sun Sep 30 04:00:01 EEST 2012
 completed: Sun Sep 30 04:00:03 EEST 2012

Backup started: Mon Oct  1 04:00:01 EEST 2012
 completed: Mon Oct  1 04:00:03 EEST 2012

Backup started: Tue Oct  2 04:00:01 EEST 2012
 completed: Tue Oct  2 04:00:02 EEST 2012

Backup started: Wed Oct  3 04:00:02 EEST 2012
 completed: Wed Oct  3 04:00:03 EEST 2012

Backup started: Thu Oct  4 04:00:01 EEST 2012
 completed: Thu Oct  4 04:00:03 EEST 2012

Backup started: Fri Oct  5 04:00:02 EEST 2012
 completed: Fri Oct  5 04:00:03 EEST 2012

Backup started: Sat Oct  6 04:00:01 EEST 2012
 completed: Sat Oct  6 04:00:03 EEST 2012

Backup started: Sun Oct  7 04:00:01 EEST 2012
 completed: Sun Oct  7 04:00:02 EEST 2012

Backup started: Mon Oct  8 04:00:01 EEST 2012
 completed: Mon Oct  8 04:00:02 EEST 2012

Backup started: Tue Oct  9 04:00:01 EEST 2012
 completed: Tue Oct  9 04:00:03 EEST 2012

Backup started: Wed Oct 10 04:00:01 EEST 2012
 completed: Wed Oct 10 04:00:03 EEST 2012

Backup started: Thu Oct 11 04:00:01 EEST 2012
 completed: Thu Oct 11 04:00:03 EEST 2012

Backup started: Fri Oct 12 04:00:01 EEST 2012
 completed: Fri Oct 12 04:00:03 EEST 2012

Backup started: Sat Oct 13 04:00:01 EEST 2012
 completed: Sat Oct 13 04:00:02 EEST 2012

Backup started: Sun Oct 14 04:00:01 EEST 2012
 completed: Sun Oct 14 04:00:03 EEST 2012

Backup started: Mon Oct 15 04:00:01 EEST 2012
 completed: Mon Oct 15 04:00:02 EEST 2012

Backup started: Tue Oct 16 04:00:01 EEST 2012
 completed: Tue Oct 16 04:00:02 EEST 2012

Backup started: Wed Oct 17 04:00:02 EEST 2012
 completed: Wed Oct 17 04:00:03 EEST 2012

Backup started: Thu Oct 18 04:00:01 EEST 2012
 completed: Thu Oct 18 04:00:03 EEST 2012

Backup started: Fri Oct 19 04:00:01 EEST 2012
 completed: Fri Oct 19 04:00:02 EEST 2012

Backup started: Sat Oct 20 04:00:02 EEST 2012
 completed: Sat Oct 20 04:00:03 EEST 2012

Backup started: Sun Oct 21 04:00:01 EEST 2012
 completed: Sun Oct 21 04:00:02 EEST 2012

Backup started: Mon Oct 22 04:00:01 EEST 2012
 completed: Mon Oct 22 04:00:03 EEST 2012

Backup started: Tue Oct 23 04:00:01 EEST 2012
 completed: Tue Oct 23 04:00:03 EEST 2012

Backup started: Wed Oct 24 04:00:01 EEST 2012
 completed: Wed Oct 24 04:00:03 EEST 2012

Backup started: Thu Oct 25 04:00:01 EEST 2012
 completed: Thu Oct 25 04:00:03 EEST 2012

Backup started: Fri Oct 26 04:00:01 EEST 2012
 completed: Fri Oct 26 04:00:02 EEST 2012

Backup started: Sat Oct 27 04:00:01 EEST 2012
 completed: Sat Oct 27 04:00:03 EEST 2012

Backup started: Sun Oct 28 04:00:01 EET 2012
 completed: Sun Oct 28 04:00:02 EET 2012

Backup started: Mon Oct 29 04:00:01 EET 2012
 completed: Mon Oct 29 04:00:03 EET 2012

Backup started: Tue Oct 30 04:00:01 EET 2012
 completed: Tue Oct 30 04:00:02 EET 2012

Backup started: Wed Oct 31 04:00:01 EET 2012
 completed: Wed Oct 31 04:00:03 EET 2012

Backup started: Thu Nov  1 04:00:01 EET 2012
 completed: Thu Nov  1 04:00:02 EET 2012

Backup started: Fri Nov  2 04:00:01 EET 2012
 completed: Fri Nov  2 04:00:02 EET 2012

Backup started: Sat Nov  3 04:00:01 EET 2012
 completed: Sat Nov  3 04:00:03 EET 2012

Backup started: Sun Nov  4 04:00:01 EET 2012
 completed: Sun Nov  4 04:00:03 EET 2012

Backup started: Mon Nov  5 04:00:01 EET 2012
 completed: Mon Nov  5 04:00:02 EET 2012

Backup started: Tue Nov  6 04:00:01 EET 2012
 completed: Tue Nov  6 04:00:04 EET 2012

Backup started: Wed Nov  7 04:00:01 EET 2012
 completed: Wed Nov  7 04:00:02 EET 2012

Backup started: Thu Nov  8 04:00:01 EET 2012
 completed: Thu Nov  8 04:00:03 EET 2012

Backup started: Fri Nov  9 04:00:01 EET 2012
 completed: Fri Nov  9 04:00:03 EET 2012

Backup started: Sat Nov 10 04:00:01 EET 2012
 completed: Sat Nov 10 04:00:03 EET 2012

Backup started: Sun Nov 11 04:00:01 EET 2012
 completed: Sun Nov 11 04:00:02 EET 2012

Backup started: Mon Nov 12 04:00:01 EET 2012
 completed: Mon Nov 12 04:00:03 EET 2012

Backup started: Tue Nov 13 04:00:01 EET 2012
 completed: Tue Nov 13 04:00:02 EET 2012

Backup started: Wed Nov 14 04:00:01 EET 2012
 completed: Wed Nov 14 04:00:02 EET 2012

Backup started: Thu Nov 15 04:00:01 EET 2012
 completed: Thu Nov 15 04:00:02 EET 2012

Backup started: Fri Nov 16 04:00:01 EET 2012
 completed: Fri Nov 16 04:00:03 EET 2012

Backup started: Sat Nov 17 04:00:01 EET 2012
 completed: Sat Nov 17 04:00:03 EET 2012

Backup started: Sun Nov 18 04:00:01 EET 2012
 completed: Sun Nov 18 04:00:03 EET 2012

Backup started: Mon Nov 19 04:00:01 EET 2012
 completed: Mon Nov 19 04:00:03 EET 2012

Backup started: Tue Nov 20 04:00:01 EET 2012
 completed: Tue Nov 20 04:00:03 EET 2012

Backup started: Wed Nov 21 04:00:01 EET 2012
 completed: Wed Nov 21 04:00:03 EET 2012

Backup started: Thu Nov 22 04:00:01 EET 2012
 completed: Thu Nov 22 04:00:03 EET 2012

Backup started: Fri Nov 23 04:00:01 EET 2012
 completed: Fri Nov 23 04:00:03 EET 2012

Backup started: Sat Nov 24 04:00:01 EET 2012
 completed: Sat Nov 24 04:00:03 EET 2012

Backup started: Sun Nov 25 04:00:01 EET 2012
 completed: Sun Nov 25 04:00:03 EET 2012

Backup started: Mon Nov 26 04:00:01 EET 2012
 completed: Mon Nov 26 04:00:02 EET 2012

Backup started: Tue Nov 27 04:00:01 EET 2012
 completed: Tue Nov 27 04:00:03 EET 2012

Backup started: Wed Nov 28 04:00:01 EET 2012
 completed: Wed Nov 28 04:00:03 EET 2012

Backup started: Thu Nov 29 04:00:01 EET 2012
 completed: Thu Nov 29 04:00:02 EET 2012

Backup started: Fri Nov 30 04:00:01 EET 2012
 completed: Fri Nov 30 04:00:03 EET 2012

Backup started: Sat Dec  1 04:00:01 EET 2012
 completed: Sat Dec  1 04:00:03 EET 2012

Backup started: Sun Dec  2 04:00:01 EET 2012
 completed: Sun Dec  2 04:00:02 EET 2012

Backup started: Mon Dec  3 04:00:01 EET 2012
 completed: Mon Dec  3 04:00:03 EET 2012

Backup started: Tue Dec  4 04:00:01 EET 2012
 completed: Tue Dec  4 04:00:03 EET 2012

Backup started: Wed Dec  5 04:00:01 EET 2012
 completed: Wed Dec  5 04:00:03 EET 2012

Backup started: Thu Dec  6 04:00:01 EET 2012
 completed: Thu Dec  6 04:00:04 EET 2012

Backup started: Fri Dec  7 04:00:01 EET 2012
 completed: Fri Dec  7 04:00:03 EET 2012

Backup started: Sat Dec  8 04:00:01 EET 2012
 completed: Sat Dec  8 04:00:03 EET 2012

Backup started: Sun Dec  9 04:00:01 EET 2012
 completed: Sun Dec  9 04:00:03 EET 2012

Backup started: Mon Dec 10 04:00:01 EET 2012
 completed: Mon Dec 10 04:00:03 EET 2012

Backup started: Tue Dec 11 04:00:01 EET 2012
 completed: Tue Dec 11 04:00:03 EET 2012

Backup started: Wed Dec 12 04:00:01 EET 2012
 completed: Wed Dec 12 04:00:03 EET 2012

Backup started: Thu Dec 13 04:00:01 EET 2012
 completed: Thu Dec 13 04:00:03 EET 2012

Backup started: Fri Dec 14 04:00:01 EET 2012
 completed: Fri Dec 14 04:00:02 EET 2012

Backup started: Sat Dec 15 04:00:01 EET 2012
 completed: Sat Dec 15 04:00:03 EET 2012

Backup started: Sun Dec 16 04:00:02 EET 2012
 completed: Sun Dec 16 04:00:03 EET 2012

Backup started: Mon Dec 17 04:00:01 EET 2012
 completed: Mon Dec 17 04:00:03 EET 2012

Backup started: Tue Dec 18 04:00:01 EET 2012
 completed: Tue Dec 18 04:00:03 EET 2012

Backup started: Wed Dec 19 04:00:01 EET 2012
 completed: Wed Dec 19 04:00:03 EET 2012

Backup started: Thu Dec 20 04:00:01 EET 2012
 completed: Thu Dec 20 04:00:02 EET 2012

Backup started: Fri Dec 21 04:00:01 EET 2012
 completed: Fri Dec 21 04:00:03 EET 2012

Backup started: Sat Dec 22 04:00:01 EET 2012
 completed: Sat Dec 22 04:00:03 EET 2012

Backup started: Sun Dec 23 04:00:01 EET 2012
 completed: Sun Dec 23 04:00:03 EET 2012

Backup started: Mon Dec 24 04:00:01 EET 2012
 completed: Mon Dec 24 04:00:03 EET 2012

Backup started: Tue Dec 25 04:00:01 EET 2012
 completed: Tue Dec 25 04:00:02 EET 2012

Backup started: Wed Dec 26 04:00:01 EET 2012
 completed: Wed Dec 26 04:00:02 EET 2012

Backup started: Thu Dec 27 04:00:01 EET 2012
 completed: Thu Dec 27 04:00:02 EET 2012

Backup started: Fri Dec 28 04:00:01 EET 2012
 completed: Fri Dec 28 04:00:02 EET 2012

Backup started: Sat Dec 29 04:00:01 EET 2012
 completed: Sat Dec 29 04:00:03 EET 2012

Backup started: Sun Dec 30 04:00:01 EET 2012
 completed: Sun Dec 30 04:00:03 EET 2012

Backup started: Mon Dec 31 04:00:01 EET 2012
 completed: Mon Dec 31 04:00:02 EET 2012

Backup started: Tue Jan  1 04:00:01 EET 2013
 completed: Tue Jan  1 04:00:03 EET 2013

Backup started: Wed Jan  2 04:00:01 EET 2013
 completed: Wed Jan  2 04:00:03 EET 2013

Backup started: Thu Jan  3 04:00:01 EET 2013
 completed: Thu Jan  3 04:00:03 EET 2013

Backup started: Fri Jan  4 04:00:01 EET 2013
 completed: Fri Jan  4 04:00:03 EET 2013

Backup started: Sat Jan  5 04:00:02 EET 2013
 completed: Sat Jan  5 04:00:03 EET 2013

Backup started: Sun Jan  6 04:00:02 EET 2013
 completed: Sun Jan  6 04:00:04 EET 2013

Backup started: Mon Jan  7 04:00:01 EET 2013
 completed: Mon Jan  7 04:00:02 EET 2013

Backup started: Tue Jan  8 04:00:01 EET 2013
 completed: Tue Jan  8 04:00:03 EET 2013

Backup started: Wed Jan  9 04:00:01 EET 2013
 completed: Wed Jan  9 04:00:03 EET 2013

Backup started: Thu Jan 10 04:00:01 EET 2013
 completed: Thu Jan 10 04:00:03 EET 2013

Backup started: Fri Jan 11 04:00:01 EET 2013
 completed: Fri Jan 11 04:00:02 EET 2013

Backup started: Sat Jan 12 04:00:01 EET 2013
 completed: Sat Jan 12 04:00:03 EET 2013

Backup started: Sun Jan 13 04:00:01 EET 2013
 completed: Sun Jan 13 04:00:03 EET 2013

Backup started: Mon Jan 14 04:00:02 EET 2013
 completed: Mon Jan 14 04:00:03 EET 2013

Backup started: Tue Jan 15 04:00:01 EET 2013
 completed: Tue Jan 15 04:00:03 EET 2013

Backup started: Wed Jan 16 04:00:01 EET 2013
 completed: Wed Jan 16 04:00:03 EET 2013

Backup started: Thu Jan 17 04:00:01 EET 2013
 completed: Thu Jan 17 04:00:02 EET 2013

Backup started: Fri Jan 18 04:00:01 EET 2013
 completed: Fri Jan 18 04:00:02 EET 2013

Backup started: Sat Jan 19 04:00:01 EET 2013
 completed: Sat Jan 19 04:00:03 EET 2013

Backup started: Sun Jan 20 04:00:01 EET 2013
 completed: Sun Jan 20 04:00:03 EET 2013

Backup started: Mon Jan 21 04:00:01 EET 2013
 completed: Mon Jan 21 04:00:02 EET 2013

Backup started: Tue Jan 22 04:00:01 EET 2013
 completed: Tue Jan 22 04:00:03 EET 2013

Backup started: Wed Jan 23 04:00:01 EET 2013
 completed: Wed Jan 23 04:00:02 EET 2013

Backup started: Thu Jan 24 04:00:02 EET 2013
 completed: Thu Jan 24 04:00:03 EET 2013

Backup started: Fri Jan 25 04:00:01 EET 2013
 completed: Fri Jan 25 04:00:03 EET 2013

Backup started: Sat Jan 26 04:00:01 EET 2013
 completed: Sat Jan 26 04:00:03 EET 2013

Backup started: Sun Jan 27 04:00:01 EET 2013
 completed: Sun Jan 27 04:00:02 EET 2013

Backup started: Mon Jan 28 04:00:01 EET 2013
 completed: Mon Jan 28 04:00:02 EET 2013

Backup started: Tue Jan 29 04:00:01 EET 2013
 completed: Tue Jan 29 04:00:03 EET 2013

Backup started: Wed Jan 30 04:00:01 EET 2013
 completed: Wed Jan 30 04:00:03 EET 2013

Backup started: Thu Jan 31 04:00:01 EET 2013
 completed: Thu Jan 31 04:00:03 EET 2013

Backup started: Fri Feb  1 04:00:01 EET 2013
 completed: Fri Feb  1 04:00:03 EET 2013

Backup started: Sat Feb  2 04:00:01 EET 2013
 completed: Sat Feb  2 04:00:03 EET 2013

Backup started: Sun Feb  3 04:00:01 EET 2013
 completed: Sun Feb  3 04:00:03 EET 2013

Backup started: Mon Feb  4 04:00:02 EET 2013
 completed: Mon Feb  4 04:00:03 EET 2013

Backup started: Tue Feb  5 04:00:01 EET 2013
 completed: Tue Feb  5 04:00:03 EET 2013

Backup started: Wed Feb  6 04:00:01 EET 2013
 completed: Wed Feb  6 04:00:04 EET 2013

Backup started: Thu Feb  7 04:00:01 EET 2013
 completed: Thu Feb  7 04:00:03 EET 2013

Backup started: Fri Feb  8 04:00:01 EET 2013
 completed: Fri Feb  8 04:00:03 EET 2013

Backup started: Sat Feb  9 04:00:01 EET 2013
 completed: Sat Feb  9 04:00:02 EET 2013

Backup started: Sun Feb 10 04:00:01 EET 2013
 completed: Sun Feb 10 04:00:02 EET 2013

Backup started: Mon Feb 11 04:00:01 EET 2013
 completed: Mon Feb 11 04:00:03 EET 2013

Backup started: Tue Feb 12 04:00:01 EET 2013
 completed: Tue Feb 12 04:00:02 EET 2013

Backup started: Wed Feb 13 04:00:01 EET 2013
 completed: Wed Feb 13 04:00:02 EET 2013

Backup started: Thu Feb 14 04:00:01 EET 2013
 completed: Thu Feb 14 04:00:03 EET 2013

Backup started: Fri Feb 15 04:00:01 EET 2013
 completed: Fri Feb 15 04:00:02 EET 2013

Backup started: Sat Feb 16 04:00:01 EET 2013
 completed: Sat Feb 16 04:00:03 EET 2013

Backup started: Sun Feb 17 04:00:01 EET 2013
 completed: Sun Feb 17 04:00:02 EET 2013

Backup started: Mon Feb 18 04:00:01 EET 2013
 completed: Mon Feb 18 04:00:03 EET 2013

Backup started: Tue Feb 19 04:00:01 EET 2013
 completed: Tue Feb 19 04:00:02 EET 2013

Backup started: Wed Feb 20 04:00:02 EET 2013
 completed: Wed Feb 20 04:00:03 EET 2013

Backup started: Thu Feb 21 04:00:02 EET 2013
 completed: Thu Feb 21 04:00:04 EET 2013

Backup started: Fri Feb 22 04:00:01 EET 2013
 completed: Fri Feb 22 04:00:02 EET 2013

Backup started: Sat Feb 23 04:00:01 EET 2013
 completed: Sat Feb 23 04:00:02 EET 2013

Backup started: Sun Feb 24 04:00:01 EET 2013
 completed: Sun Feb 24 04:00:03 EET 2013

Backup started: Mon Feb 25 04:00:01 EET 2013
 completed: Mon Feb 25 04:00:03 EET 2013

Backup started: Tue Feb 26 04:00:01 EET 2013
 completed: Tue Feb 26 04:00:02 EET 2013

Backup started: Wed Feb 27 04:00:01 EET 2013
 completed: Wed Feb 27 04:00:03 EET 2013

Backup started: Thu Feb 28 04:00:01 EET 2013
 completed: Thu Feb 28 04:00:03 EET 2013

Backup started: Fri Mar  1 04:00:01 EET 2013
 completed: Fri Mar  1 04:00:02 EET 2013

Backup started: Sat Mar  2 04:00:02 EET 2013
 completed: Sat Mar  2 04:00:03 EET 2013

Backup started: Sun Mar  3 04:00:01 EET 2013
 completed: Sun Mar  3 04:00:02 EET 2013

Backup started: Mon Mar  4 04:00:01 EET 2013
 completed: Mon Mar  4 04:00:03 EET 2013

Backup started: Tue Mar  5 04:00:01 EET 2013
 completed: Tue Mar  5 04:00:03 EET 2013

Backup started: Wed Mar  6 04:00:01 EET 2013
 completed: Wed Mar  6 04:00:03 EET 2013

Backup started: Thu Mar  7 04:00:01 EET 2013
 completed: Thu Mar  7 04:00:03 EET 2013

Backup started: Fri Mar  8 04:00:01 EET 2013
 completed: Fri Mar  8 04:00:03 EET 2013

Backup started: Sat Mar  9 04:00:01 EET 2013
 completed: Sat Mar  9 04:00:03 EET 2013

Backup started: Sun Mar 10 04:00:01 EET 2013
 completed: Sun Mar 10 04:00:03 EET 2013

Backup started: Mon Mar 11 04:00:01 EET 2013
 completed: Mon Mar 11 04:00:02 EET 2013

Backup started: Tue Mar 12 04:00:01 EET 2013
 completed: Tue Mar 12 04:00:02 EET 2013

Backup started: Wed Mar 13 04:00:01 EET 2013
 completed: Wed Mar 13 04:00:03 EET 2013

Backup started: Thu Mar 14 04:00:01 EET 2013
 completed: Thu Mar 14 04:00:02 EET 2013

Backup started: Fri Mar 15 04:00:01 EET 2013
 completed: Fri Mar 15 04:00:02 EET 2013

Backup started: Sat Mar 16 04:00:01 EET 2013
 completed: Sat Mar 16 04:00:03 EET 2013

Backup started: Sun Mar 17 04:00:01 EET 2013
 completed: Sun Mar 17 04:00:02 EET 2013

Backup started: Mon Mar 18 04:00:01 EET 2013
 completed: Mon Mar 18 04:00:02 EET 2013

Backup started: Tue Mar 19 04:00:01 EET 2013
 completed: Tue Mar 19 04:00:03 EET 2013

Backup started: Wed Mar 20 04:00:01 EET 2013
 completed: Wed Mar 20 04:00:03 EET 2013

Backup started: Thu Mar 21 04:00:01 EET 2013
 completed: Thu Mar 21 04:00:02 EET 2013

Backup started: Fri Mar 22 04:00:01 EET 2013
 completed: Fri Mar 22 04:00:03 EET 2013

Backup started: Sat Mar 23 04:00:01 EET 2013
 completed: Sat Mar 23 04:00:03 EET 2013

Backup started: Sun Mar 24 04:00:01 EET 2013
 completed: Sun Mar 24 04:00:03 EET 2013

Backup started: Mon Mar 25 04:00:01 EET 2013
 completed: Mon Mar 25 04:00:02 EET 2013

Backup started: Tue Mar 26 04:00:01 EET 2013
 completed: Tue Mar 26 04:00:02 EET 2013

Backup started: Wed Mar 27 04:00:01 EET 2013
 completed: Wed Mar 27 04:00:02 EET 2013

Backup started: Thu Mar 28 04:00:01 EET 2013
 completed: Thu Mar 28 04:00:03 EET 2013

Backup started: Fri Mar 29 04:00:01 EET 2013
 completed: Fri Mar 29 04:00:02 EET 2013

Backup started: Sat Mar 30 04:00:01 EET 2013
 completed: Sat Mar 30 04:00:02 EET 2013

Backup started: Sun Mar 31 04:00:01 EEST 2013
 completed: Sun Mar 31 04:00:03 EEST 2013

Backup started: Mon Apr  1 04:00:01 EEST 2013
 completed: Mon Apr  1 04:00:03 EEST 2013

Backup started: Tue Apr  2 04:00:01 EEST 2013
 completed: Tue Apr  2 04:00:03 EEST 2013

Backup started: Wed Apr  3 04:00:01 EEST 2013
 completed: Wed Apr  3 04:00:03 EEST 2013

Backup started: Thu Apr  4 04:00:01 EEST 2013
 completed: Thu Apr  4 04:00:03 EEST 2013

Backup started: Fri Apr  5 04:00:01 EEST 2013
 completed: Fri Apr  5 04:00:03 EEST 2013

Backup started: Sat Apr  6 04:00:01 EEST 2013
 completed: Sat Apr  6 04:00:03 EEST 2013

Backup started: Sun Apr  7 04:00:01 EEST 2013
 completed: Sun Apr  7 04:00:03 EEST 2013

Backup started: Mon Apr  8 04:00:01 EEST 2013
 completed: Mon Apr  8 04:00:03 EEST 2013

Backup started: Tue Apr  9 04:00:01 EEST 2013
 completed: Tue Apr  9 04:00:03 EEST 2013

Backup started: Wed Apr 10 04:00:01 EEST 2013
 completed: Wed Apr 10 04:00:03 EEST 2013

Backup started: Thu Apr 11 04:00:01 EEST 2013
 completed: Thu Apr 11 04:00:03 EEST 2013

Backup started: Fri Apr 12 04:00:01 EEST 2013
 completed: Fri Apr 12 04:00:03 EEST 2013

Backup started: Sat Apr 13 04:00:01 EEST 2013
 completed: Sat Apr 13 04:00:02 EEST 2013

Backup started: Sun Apr 14 04:00:01 EEST 2013
 completed: Sun Apr 14 04:00:03 EEST 2013

Backup started: Mon Apr 15 04:00:01 EEST 2013
 completed: Mon Apr 15 04:00:03 EEST 2013

Backup started: Tue Apr 16 04:00:01 EEST 2013
 completed: Tue Apr 16 04:00:02 EEST 2013

Backup started: Wed Apr 17 04:00:01 EEST 2013
 completed: Wed Apr 17 04:00:03 EEST 2013

Backup started: Thu Apr 18 04:00:01 EEST 2013
 completed: Thu Apr 18 04:00:03 EEST 2013

Backup started: Fri Apr 19 04:00:01 EEST 2013
 completed: Fri Apr 19 04:00:02 EEST 2013

Backup started: Sat Apr 20 04:00:01 EEST 2013
 completed: Sat Apr 20 04:00:03 EEST 2013

Backup started: Sun Apr 21 04:00:01 EEST 2013
 completed: Sun Apr 21 04:00:03 EEST 2013

Backup started: Mon Apr 22 04:00:01 EEST 2013
 completed: Mon Apr 22 04:00:03 EEST 2013

Backup started: Tue Apr 23 04:00:01 EEST 2013
 completed: Tue Apr 23 04:00:03 EEST 2013

Backup started: Wed Apr 24 04:00:01 EEST 2013
 completed: Wed Apr 24 04:00:03 EEST 2013

Backup started: Thu Apr 25 04:00:01 EEST 2013
 completed: Thu Apr 25 04:00:03 EEST 2013

Backup started: Fri Apr 26 04:00:01 EEST 2013
 completed: Fri Apr 26 04:00:02 EEST 2013

Backup started: Sat Apr 27 04:00:01 EEST 2013
 completed: Sat Apr 27 04:00:03 EEST 2013

Backup started: Sun Apr 28 04:00:01 EEST 2013
 completed: Sun Apr 28 04:00:02 EEST 2013

Backup started: Mon Apr 29 04:00:01 EEST 2013
 completed: Mon Apr 29 04:00:02 EEST 2013

Backup started: Tue Apr 30 04:00:01 EEST 2013
 completed: Tue Apr 30 04:00:03 EEST 2013

Backup started: Wed May  1 04:00:01 EEST 2013
 completed: Wed May  1 04:00:02 EEST 2013

Backup started: Thu May  2 04:00:01 EEST 2013
 completed: Thu May  2 04:00:03 EEST 2013

Backup started: Fri May  3 04:00:01 EEST 2013
 completed: Fri May  3 04:00:03 EEST 2013

Backup started: Sat May  4 04:00:01 EEST 2013
 completed: Sat May  4 04:00:03 EEST 2013

Backup started: Sun May  5 04:00:01 EEST 2013
 completed: Sun May  5 04:00:03 EEST 2013

Backup started: Mon May  6 04:00:02 EEST 2013
 completed: Mon May  6 04:00:04 EEST 2013

Backup started: Tue May  7 04:00:01 EEST 2013
 completed: Tue May  7 04:00:03 EEST 2013

Backup started: Wed May  8 04:00:01 EEST 2013
 completed: Wed May  8 04:00:03 EEST 2013

Backup started: Thu May  9 04:00:01 EEST 2013
 completed: Thu May  9 04:00:03 EEST 2013

Backup started: Fri May 10 04:00:01 EEST 2013
 completed: Fri May 10 04:00:03 EEST 2013

Backup started: Sat May 11 04:00:01 EEST 2013
 completed: Sat May 11 04:00:03 EEST 2013

Backup started: Sun May 12 04:00:01 EEST 2013
 completed: Sun May 12 04:00:02 EEST 2013

Backup started: Mon May 13 04:00:01 EEST 2013
 completed: Mon May 13 04:00:02 EEST 2013

Backup started: Tue May 14 04:00:01 EEST 2013
 completed: Tue May 14 04:00:02 EEST 2013

Backup started: Wed May 15 04:00:01 EEST 2013
 completed: Wed May 15 04:00:03 EEST 2013

Backup started: Thu May 16 04:00:02 EEST 2013
 completed: Thu May 16 04:00:03 EEST 2013

Backup started: Fri May 17 04:00:01 EEST 2013
 completed: Fri May 17 04:00:03 EEST 2013

Backup started: Sat May 18 04:00:02 EEST 2013
 completed: Sat May 18 04:00:03 EEST 2013

Backup started: Sun May 19 04:00:01 EEST 2013
 completed: Sun May 19 04:00:03 EEST 2013

Backup started: Mon May 20 04:00:01 EEST 2013
 completed: Mon May 20 04:00:02 EEST 2013

Backup started: Tue May 21 04:00:01 EEST 2013
 completed: Tue May 21 04:00:02 EEST 2013

Backup started: Wed May 22 04:00:01 EEST 2013
 completed: Wed May 22 04:00:03 EEST 2013

Backup started: Thu May 23 04:00:02 EEST 2013
 completed: Thu May 23 04:00:03 EEST 2013

Backup started: Fri May 24 04:00:01 EEST 2013
 completed: Fri May 24 04:00:03 EEST 2013

Backup started: Sat May 25 04:00:01 EEST 2013
 completed: Sat May 25 04:00:03 EEST 2013

Backup started: Sun May 26 04:00:01 EEST 2013
 completed: Sun May 26 04:00:03 EEST 2013

Backup started: Mon May 27 04:00:01 EEST 2013
 completed: Mon May 27 04:00:02 EEST 2013

Backup started: Tue May 28 04:00:01 EEST 2013
 completed: Tue May 28 04:00:03 EEST 2013

Backup started: Wed May 29 04:00:01 EEST 2013
 completed: Wed May 29 04:00:02 EEST 2013

Backup started: Thu May 30 04:00:01 EEST 2013
 completed: Thu May 30 04:00:03 EEST 2013

Backup started: Fri May 31 04:00:01 EEST 2013
 completed: Fri May 31 04:00:03 EEST 2013

Backup started: Sat Jun  1 04:00:01 EEST 2013
 completed: Sat Jun  1 04:00:02 EEST 2013

Backup started: Sun Jun  2 04:00:01 EEST 2013
 completed: Sun Jun  2 04:00:03 EEST 2013

Backup started: Mon Jun  3 04:00:01 EEST 2013
 completed: Mon Jun  3 04:00:02 EEST 2013

Backup started: Tue Jun  4 04:00:01 EEST 2013
 completed: Tue Jun  4 04:00:02 EEST 2013

Backup started: Wed Jun  5 04:00:01 EEST 2013
 completed: Wed Jun  5 04:00:03 EEST 2013

Backup started: Thu Jun  6 04:00:01 EEST 2013
 completed: Thu Jun  6 04:00:03 EEST 2013

Backup started: Fri Jun  7 04:00:01 EEST 2013
 completed: Fri Jun  7 04:00:03 EEST 2013

Backup started: Sat Jun  8 04:00:01 EEST 2013
 completed: Sat Jun  8 04:00:02 EEST 2013

Backup started: Sun Jun  9 04:00:01 EEST 2013
 completed: Sun Jun  9 04:00:03 EEST 2013

Backup started: Mon Jun 10 04:00:01 EEST 2013
 completed: Mon Jun 10 04:00:03 EEST 2013

Backup started: Tue Jun 11 04:00:01 EEST 2013
 completed: Tue Jun 11 04:00:03 EEST 2013

Backup started: Wed Jun 12 04:00:01 EEST 2013
 completed: Wed Jun 12 04:00:03 EEST 2013

Backup started: Thu Jun 13 04:00:01 EEST 2013
 completed: Thu Jun 13 04:00:03 EEST 2013

Backup started: Fri Jun 14 04:00:01 EEST 2013
 completed: Fri Jun 14 04:00:03 EEST 2013

Backup started: Sat Jun 15 04:00:01 EEST 2013
 completed: Sat Jun 15 04:00:02 EEST 2013

Backup started: Sun Jun 16 04:00:01 EEST 2013
 completed: Sun Jun 16 04:00:02 EEST 2013

Backup started: Mon Jun 17 04:00:01 EEST 2013
 completed: Mon Jun 17 04:00:03 EEST 2013

Backup started: Tue Jun 18 04:00:01 EEST 2013
 completed: Tue Jun 18 04:00:03 EEST 2013

Backup started: Wed Jun 19 04:00:01 EEST 2013
 completed: Wed Jun 19 04:00:03 EEST 2013

Backup started: Thu Jun 20 04:00:01 EEST 2013
 completed: Thu Jun 20 04:00:02 EEST 2013

Backup started: Fri Jun 21 04:00:01 EEST 2013
 completed: Fri Jun 21 04:00:03 EEST 2013

Backup started: Sat Jun 22 04:00:01 EEST 2013
 completed: Sat Jun 22 04:00:02 EEST 2013

Backup started: Sun Jun 23 04:00:01 EEST 2013
 completed: Sun Jun 23 04:00:03 EEST 2013

Backup started: Mon Jun 24 04:00:01 EEST 2013
 completed: Mon Jun 24 04:00:03 EEST 2013

Backup started: Tue Jun 25 04:00:01 EEST 2013
 completed: Tue Jun 25 04:00:03 EEST 2013

Backup started: Wed Jun 26 04:00:02 EEST 2013
 completed: Wed Jun 26 04:00:03 EEST 2013

Backup started: Thu Jun 27 04:00:01 EEST 2013
 completed: Thu Jun 27 04:00:03 EEST 2013

Backup started: Fri Jun 28 04:00:01 EEST 2013
 completed: Fri Jun 28 04:00:02 EEST 2013

Backup started: Sat Jun 29 04:00:01 EEST 2013
 completed: Sat Jun 29 04:00:02 EEST 2013

Backup started: Sun Jun 30 04:00:01 EEST 2013
 completed: Sun Jun 30 04:00:03 EEST 2013

Backup started: Mon Jul  1 04:00:01 EEST 2013
 completed: Mon Jul  1 04:00:03 EEST 2013

Backup started: Tue Jul  2 04:00:01 EEST 2013
 completed: Tue Jul  2 04:00:03 EEST 2013

Backup started: Wed Jul  3 04:00:01 EEST 2013
 completed: Wed Jul  3 04:00:02 EEST 2013

Backup started: Thu Jul  4 04:00:01 EEST 2013
 completed: Thu Jul  4 04:00:02 EEST 2013

Backup started: Fri Jul  5 04:00:01 EEST 2013
 completed: Fri Jul  5 04:00:02 EEST 2013

Backup started: Sat Jul  6 04:00:02 EEST 2013
 completed: Sat Jul  6 04:00:04 EEST 2013

Backup started: Sun Jul  7 04:00:01 EEST 2013
 completed: Sun Jul  7 04:00:03 EEST 2013

Backup started: Mon Jul  8 04:00:01 EEST 2013
 completed: Mon Jul  8 04:00:03 EEST 2013

Backup started: Tue Jul  9 04:00:01 EEST 2013
 completed: Tue Jul  9 04:00:03 EEST 2013

Backup started: Wed Jul 10 04:00:01 EEST 2013
 completed: Wed Jul 10 04:00:02 EEST 2013

Backup started: Thu Jul 11 04:00:01 EEST 2013
 completed: Thu Jul 11 04:00:02 EEST 2013

Backup started: Fri Jul 12 04:00:02 EEST 2013
 completed: Fri Jul 12 04:00:03 EEST 2013

Backup started: Sat Jul 13 04:00:01 EEST 2013
 completed: Sat Jul 13 04:00:02 EEST 2013

Backup started: Sun Jul 14 04:00:01 EEST 2013
 completed: Sun Jul 14 04:00:02 EEST 2013

Backup started: Mon Jul 15 04:00:01 EEST 2013
 completed: Mon Jul 15 04:00:03 EEST 2013
